<?xml version="1.0" encoding="UTF-8"?>
<!-- Generated by org.testng.reporters.JUnitReportReporter -->
<testsuite hostname="LAPTOP-MDVV23RL" failures="0" tests="1" name="urlverify.CompareFiles" time="6.098" errors="0" timestamp="2023-02-19T19:48:53 IST" skipped="0">
  <testcase classname="urlverify.CompareFiles" name="excelcompare" time="6.098"/>
  <system-out/>
</testsuite> <!-- urlverify.CompareFiles -->
