<?xml version="1.0" encoding="UTF-8"?>
<!-- Generated by org.testng.reporters.JUnitReportReporter -->
<testsuite hostname="LAPTOP-MDVV23RL" failures="0" tests="1" name="urlverify1.CompareFiles" time="5.634" errors="0" timestamp="2023-02-19T20:06:06 IST" skipped="0">
  <testcase classname="urlverify1.CompareFiles" name="excelcompare" time="5.634"/>
  <system-out/>
</testsuite> <!-- urlverify1.CompareFiles -->
